140482950294400 2026-07-06 06:46:55,715 webull.core.http.initializer.client_initializer INFO _check_token_enable result is True
140482950294400 2026-07-06 06:46:55,716 webull.core.http.initializer.token.token_storage INFO storage_token uses the default configuration, conf.
140482950294400 2026-07-06 06:46:55,716 webull.core.http.initializer.token.token_storage INFO storage_token initialized path:/home/runner/work/Recording-1Min/Recording-1Min/conf/token.txt.
140482950294400 2026-07-06 06:46:55,716 webull.core.http.initializer.token.token_storage WARNING storage_token Note: The token file already exists, the latest token configuration will be overwritten and written to the token file after successful 2FA verification. path:/home/runner/work/Recording-1Min/Recording-1Min/conf/token.txt.
140482950294400 2026-07-06 06:46:55,716 webull.core.http.initializer.token.token_manager INFO load_token_from_local reading token from file...
140482950294400 2026-07-06 06:46:55,717 webull.core.http.initializer.token.token_manager INFO load_token_from_local read local token result. token:8777ab******b130d3 expires:1784615487956 status:NORMAL
140482950294400 2026-07-06 06:46:56,069 webull.core.http.initializer.token.token_manager INFO fetch_token_from_server create_token result. token:8777ab******b130d3 expires:1784615487956 status:NORMAL
140482950294400 2026-07-06 06:46:56,070 webull.core.http.initializer.token.token_manager INFO fetch_token_from_server create_token status is verified, no further check required, returning directly. token:8777ab******b130d3 expires:1784615487956 status:NORMAL
140482950294400 2026-07-06 06:46:56,070 webull.core.http.initializer.token.token_manager INFO save_token_to_local writing token to local file. token:8777ab******b130d3 expires:1784615487956 status:NORMAL
140482950294400 2026-07-06 06:46:56,070 webull.core.http.initializer.token.token_manager INFO save_token_to_local writing token to file completed.
140482950294400 2026-07-06 06:46:56,070 webull.core.http.initializer.token.token_manager INFO init_token finished. token:8777ab******b130d3 expires:1784615487956 status:NORMAL
140319154117504 2026-07-06 09:10:17,262 webull.core.http.initializer.client_initializer INFO _check_token_enable result is True
140319154117504 2026-07-06 09:10:17,264 webull.core.http.initializer.token.token_storage INFO storage_token uses the default configuration, conf.
140319154117504 2026-07-06 09:10:17,264 webull.core.http.initializer.token.token_storage INFO storage_token initialized path:/home/runner/work/Recording-1Min/Recording-1Min/conf/token.txt.
140319154117504 2026-07-06 09:10:17,264 webull.core.http.initializer.token.token_storage WARNING storage_token Note: The token file already exists, the latest token configuration will be overwritten and written to the token file after successful 2FA verification. path:/home/runner/work/Recording-1Min/Recording-1Min/conf/token.txt.
140319154117504 2026-07-06 09:10:17,264 webull.core.http.initializer.token.token_manager INFO load_token_from_local reading token from file...
140319154117504 2026-07-06 09:10:17,264 webull.core.http.initializer.token.token_manager INFO load_token_from_local read local token result. token:8777ab******b130d3 expires:1784615487956 status:NORMAL
140319154117504 2026-07-06 09:10:17,553 webull.core.http.initializer.token.token_manager INFO fetch_token_from_server create_token result. token:8777ab******b130d3 expires:1784615487956 status:NORMAL
140319154117504 2026-07-06 09:10:17,554 webull.core.http.initializer.token.token_manager INFO fetch_token_from_server create_token status is verified, no further check required, returning directly. token:8777ab******b130d3 expires:1784615487956 status:NORMAL
140319154117504 2026-07-06 09:10:17,554 webull.core.http.initializer.token.token_manager INFO save_token_to_local writing token to local file. token:8777ab******b130d3 expires:1784615487956 status:NORMAL
140319154117504 2026-07-06 09:10:17,554 webull.core.http.initializer.token.token_manager INFO save_token_to_local writing token to file completed.
140319154117504 2026-07-06 09:10:17,554 webull.core.http.initializer.token.token_manager INFO init_token finished. token:8777ab******b130d3 expires:1784615487956 status:NORMAL
140543108311936 2026-07-06 12:59:26,951 webull.core.http.initializer.client_initializer INFO _check_token_enable result is True
140543108311936 2026-07-06 12:59:26,952 webull.core.http.initializer.token.token_storage INFO storage_token uses the default configuration, conf.
140543108311936 2026-07-06 12:59:26,953 webull.core.http.initializer.token.token_storage INFO storage_token initialized path:/home/runner/work/Recording-1Min/Recording-1Min/conf/token.txt.
140543108311936 2026-07-06 12:59:26,953 webull.core.http.initializer.token.token_storage WARNING storage_token Note: The token file already exists, the latest token configuration will be overwritten and written to the token file after successful 2FA verification. path:/home/runner/work/Recording-1Min/Recording-1Min/conf/token.txt.
140543108311936 2026-07-06 12:59:26,953 webull.core.http.initializer.token.token_manager INFO load_token_from_local reading token from file...
140543108311936 2026-07-06 12:59:26,953 webull.core.http.initializer.token.token_manager INFO load_token_from_local read local token result. token:8777ab******b130d3 expires:1784615487956 status:NORMAL
140543108311936 2026-07-06 12:59:27,505 webull.core.http.initializer.token.token_manager INFO fetch_token_from_server create_token result. token:8777ab******b130d3 expires:1784615487956 status:NORMAL
140543108311936 2026-07-06 12:59:27,506 webull.core.http.initializer.token.token_manager INFO fetch_token_from_server create_token status is verified, no further check required, returning directly. token:8777ab******b130d3 expires:1784615487956 status:NORMAL
140543108311936 2026-07-06 12:59:27,507 webull.core.http.initializer.token.token_manager INFO save_token_to_local writing token to local file. token:8777ab******b130d3 expires:1784615487956 status:NORMAL
140543108311936 2026-07-06 12:59:27,507 webull.core.http.initializer.token.token_manager INFO save_token_to_local writing token to file completed.
140543108311936 2026-07-06 12:59:27,507 webull.core.http.initializer.token.token_manager INFO init_token finished. token:8777ab******b130d3 expires:1784615487956 status:NORMAL
140212796300160 2026-07-06 16:29:53,041 webull.core.http.initializer.client_initializer INFO _check_token_enable result is True
140212796300160 2026-07-06 16:29:53,042 webull.core.http.initializer.token.token_storage INFO storage_token uses the default configuration, conf.
140212796300160 2026-07-06 16:29:53,042 webull.core.http.initializer.token.token_storage INFO storage_token initialized path:/home/runner/work/Recording-1Min/Recording-1Min/conf/token.txt.
140212796300160 2026-07-06 16:29:53,043 webull.core.http.initializer.token.token_storage WARNING storage_token Note: The token file already exists, the latest token configuration will be overwritten and written to the token file after successful 2FA verification. path:/home/runner/work/Recording-1Min/Recording-1Min/conf/token.txt.
140212796300160 2026-07-06 16:29:53,043 webull.core.http.initializer.token.token_manager INFO load_token_from_local reading token from file...
140212796300160 2026-07-06 16:29:53,043 webull.core.http.initializer.token.token_manager INFO load_token_from_local read local token result. token:8777ab******b130d3 expires:1784615487956 status:NORMAL
140212796300160 2026-07-06 16:29:53,736 webull.core.http.initializer.token.token_manager INFO fetch_token_from_server create_token result. token:8777ab******b130d3 expires:1784615487956 status:NORMAL
140212796300160 2026-07-06 16:29:53,737 webull.core.http.initializer.token.token_manager INFO fetch_token_from_server create_token status is verified, no further check required, returning directly. token:8777ab******b130d3 expires:1784615487956 status:NORMAL
140212796300160 2026-07-06 16:29:53,737 webull.core.http.initializer.token.token_manager INFO save_token_to_local writing token to local file. token:8777ab******b130d3 expires:1784615487956 status:NORMAL
140212796300160 2026-07-06 16:29:53,738 webull.core.http.initializer.token.token_manager INFO save_token_to_local writing token to file completed.
140212796300160 2026-07-06 16:29:53,738 webull.core.http.initializer.token.token_manager INFO init_token finished. token:8777ab******b130d3 expires:1784615487956 status:NORMAL
139719762074496 2026-07-06 19:04:36,584 webull.core.http.initializer.client_initializer INFO _check_token_enable result is True
139719762074496 2026-07-06 19:04:36,585 webull.core.http.initializer.token.token_storage INFO storage_token uses the default configuration, conf.
139719762074496 2026-07-06 19:04:36,586 webull.core.http.initializer.token.token_storage INFO storage_token initialized path:/home/runner/work/Recording-1Min/Recording-1Min/conf/token.txt.
139719762074496 2026-07-06 19:04:36,586 webull.core.http.initializer.token.token_storage WARNING storage_token Note: The token file already exists, the latest token configuration will be overwritten and written to the token file after successful 2FA verification. path:/home/runner/work/Recording-1Min/Recording-1Min/conf/token.txt.
139719762074496 2026-07-06 19:04:36,586 webull.core.http.initializer.token.token_manager INFO load_token_from_local reading token from file...
139719762074496 2026-07-06 19:04:36,586 webull.core.http.initializer.token.token_manager INFO load_token_from_local read local token result. token:8777ab******b130d3 expires:1784615487956 status:NORMAL
139719762074496 2026-07-06 19:04:36,967 webull.core.http.initializer.token.token_manager INFO fetch_token_from_server create_token result. token:8777ab******b130d3 expires:1784615487956 status:NORMAL
139719762074496 2026-07-06 19:04:36,969 webull.core.http.initializer.token.token_manager INFO fetch_token_from_server create_token status is verified, no further check required, returning directly. token:8777ab******b130d3 expires:1784615487956 status:NORMAL
139719762074496 2026-07-06 19:04:36,969 webull.core.http.initializer.token.token_manager INFO save_token_to_local writing token to local file. token:8777ab******b130d3 expires:1784615487956 status:NORMAL
139719762074496 2026-07-06 19:04:36,969 webull.core.http.initializer.token.token_manager INFO save_token_to_local writing token to file completed.
139719762074496 2026-07-06 19:04:36,969 webull.core.http.initializer.token.token_manager INFO init_token finished. token:8777ab******b130d3 expires:1784615487956 status:NORMAL
139948163382144 2026-07-06 21:00:37,803 webull.core.http.initializer.client_initializer INFO _check_token_enable result is True
139948163382144 2026-07-06 21:00:37,804 webull.core.http.initializer.token.token_storage INFO storage_token uses the default configuration, conf.
139948163382144 2026-07-06 21:00:37,804 webull.core.http.initializer.token.token_storage INFO storage_token initialized path:/home/runner/work/Recording-1Min/Recording-1Min/conf/token.txt.
139948163382144 2026-07-06 21:00:37,804 webull.core.http.initializer.token.token_storage WARNING storage_token Note: The token file already exists, the latest token configuration will be overwritten and written to the token file after successful 2FA verification. path:/home/runner/work/Recording-1Min/Recording-1Min/conf/token.txt.
139948163382144 2026-07-06 21:00:37,804 webull.core.http.initializer.token.token_manager INFO load_token_from_local reading token from file...
139948163382144 2026-07-06 21:00:37,804 webull.core.http.initializer.token.token_manager INFO load_token_from_local read local token result. token:8777ab******b130d3 expires:1784615487956 status:NORMAL
139948163382144 2026-07-06 21:00:38,205 webull.core.http.initializer.token.token_manager INFO fetch_token_from_server create_token result. token:8777ab******b130d3 expires:1784615487956 status:NORMAL
139948163382144 2026-07-06 21:00:38,206 webull.core.http.initializer.token.token_manager INFO fetch_token_from_server create_token status is verified, no further check required, returning directly. token:8777ab******b130d3 expires:1784615487956 status:NORMAL
139948163382144 2026-07-06 21:00:38,206 webull.core.http.initializer.token.token_manager INFO save_token_to_local writing token to local file. token:8777ab******b130d3 expires:1784615487956 status:NORMAL
139948163382144 2026-07-06 21:00:38,206 webull.core.http.initializer.token.token_manager INFO save_token_to_local writing token to file completed.
139948163382144 2026-07-06 21:00:38,206 webull.core.http.initializer.token.token_manager INFO init_token finished. token:8777ab******b130d3 expires:1784615487956 status:NORMAL
139904383662976 2026-07-06 22:36:35,613 webull.core.http.initializer.client_initializer INFO _check_token_enable result is True
139904383662976 2026-07-06 22:36:35,614 webull.core.http.initializer.token.token_storage INFO storage_token uses the default configuration, conf.
139904383662976 2026-07-06 22:36:35,614 webull.core.http.initializer.token.token_storage INFO storage_token initialized path:/home/runner/work/Recording-1Min/Recording-1Min/conf/token.txt.
139904383662976 2026-07-06 22:36:35,614 webull.core.http.initializer.token.token_storage WARNING storage_token Note: The token file already exists, the latest token configuration will be overwritten and written to the token file after successful 2FA verification. path:/home/runner/work/Recording-1Min/Recording-1Min/conf/token.txt.
139904383662976 2026-07-06 22:36:35,614 webull.core.http.initializer.token.token_manager INFO load_token_from_local reading token from file...
139904383662976 2026-07-06 22:36:35,615 webull.core.http.initializer.token.token_manager INFO load_token_from_local read local token result. token:8777ab******b130d3 expires:1784615487956 status:NORMAL
139904383662976 2026-07-06 22:36:36,408 webull.core.http.initializer.token.token_manager INFO fetch_token_from_server create_token result. token:8777ab******b130d3 expires:1784615487956 status:NORMAL
139904383662976 2026-07-06 22:36:36,409 webull.core.http.initializer.token.token_manager INFO fetch_token_from_server create_token status is verified, no further check required, returning directly. token:8777ab******b130d3 expires:1784615487956 status:NORMAL
139904383662976 2026-07-06 22:36:36,409 webull.core.http.initializer.token.token_manager INFO save_token_to_local writing token to local file. token:8777ab******b130d3 expires:1784615487956 status:NORMAL
139904383662976 2026-07-06 22:36:36,410 webull.core.http.initializer.token.token_manager INFO save_token_to_local writing token to file completed.
139904383662976 2026-07-06 22:36:36,410 webull.core.http.initializer.token.token_manager INFO init_token finished. token:8777ab******b130d3 expires:1784615487956 status:NORMAL
140304249699200 2026-07-07 00:19:47,205 webull.core.http.initializer.client_initializer INFO _check_token_enable result is True
140304249699200 2026-07-07 00:19:47,206 webull.core.http.initializer.token.token_storage INFO storage_token uses the default configuration, conf.
140304249699200 2026-07-07 00:19:47,206 webull.core.http.initializer.token.token_storage INFO storage_token initialized path:/home/runner/work/Recording-1Min/Recording-1Min/conf/token.txt.
140304249699200 2026-07-07 00:19:47,206 webull.core.http.initializer.token.token_storage WARNING storage_token Note: The token file already exists, the latest token configuration will be overwritten and written to the token file after successful 2FA verification. path:/home/runner/work/Recording-1Min/Recording-1Min/conf/token.txt.
140304249699200 2026-07-07 00:19:47,206 webull.core.http.initializer.token.token_manager INFO load_token_from_local reading token from file...
140304249699200 2026-07-07 00:19:47,207 webull.core.http.initializer.token.token_manager INFO load_token_from_local read local token result. token:8777ab******b130d3 expires:1784615487956 status:NORMAL
140304249699200 2026-07-07 00:19:47,445 webull.core.http.initializer.token.token_manager INFO fetch_token_from_server create_token result. token:8777ab******b130d3 expires:1784615487956 status:NORMAL
140304249699200 2026-07-07 00:19:47,446 webull.core.http.initializer.token.token_manager INFO fetch_token_from_server create_token status is verified, no further check required, returning directly. token:8777ab******b130d3 expires:1784615487956 status:NORMAL
140304249699200 2026-07-07 00:19:47,446 webull.core.http.initializer.token.token_manager INFO save_token_to_local writing token to local file. token:8777ab******b130d3 expires:1784615487956 status:NORMAL
140304249699200 2026-07-07 00:19:47,446 webull.core.http.initializer.token.token_manager INFO save_token_to_local writing token to file completed.
140304249699200 2026-07-07 00:19:47,446 webull.core.http.initializer.token.token_manager INFO init_token finished. token:8777ab******b130d3 expires:1784615487956 status:NORMAL
139658914016128 2026-07-07 05:06:07,822 webull.core.http.initializer.client_initializer INFO _check_token_enable result is True
139658914016128 2026-07-07 05:06:07,823 webull.core.http.initializer.token.token_storage INFO storage_token uses the default configuration, conf.
139658914016128 2026-07-07 05:06:07,823 webull.core.http.initializer.token.token_storage INFO storage_token initialized path:/home/runner/work/Recording-1Min/Recording-1Min/conf/token.txt.
139658914016128 2026-07-07 05:06:07,823 webull.core.http.initializer.token.token_storage WARNING storage_token Note: The token file already exists, the latest token configuration will be overwritten and written to the token file after successful 2FA verification. path:/home/runner/work/Recording-1Min/Recording-1Min/conf/token.txt.
139658914016128 2026-07-07 05:06:07,824 webull.core.http.initializer.token.token_manager INFO load_token_from_local reading token from file...
139658914016128 2026-07-07 05:06:07,824 webull.core.http.initializer.token.token_manager INFO load_token_from_local read local token result. token:8777ab******b130d3 expires:1784615487956 status:NORMAL
139658914016128 2026-07-07 05:06:08,070 webull.core.http.initializer.token.token_manager INFO fetch_token_from_server create_token result. token:8777ab******b130d3 expires:1784615487956 status:NORMAL
139658914016128 2026-07-07 05:06:08,071 webull.core.http.initializer.token.token_manager INFO fetch_token_from_server create_token status is verified, no further check required, returning directly. token:8777ab******b130d3 expires:1784615487956 status:NORMAL
139658914016128 2026-07-07 05:06:08,071 webull.core.http.initializer.token.token_manager INFO save_token_to_local writing token to local file. token:8777ab******b130d3 expires:1784615487956 status:NORMAL
139658914016128 2026-07-07 05:06:08,072 webull.core.http.initializer.token.token_manager INFO save_token_to_local writing token to file completed.
139658914016128 2026-07-07 05:06:08,072 webull.core.http.initializer.token.token_manager INFO init_token finished. token:8777ab******b130d3 expires:1784615487956 status:NORMAL
140036870990720 2026-07-07 08:40:53,164 webull.core.http.initializer.client_initializer INFO _check_token_enable result is True
140036870990720 2026-07-07 08:40:53,164 webull.core.http.initializer.token.token_storage INFO storage_token uses the default configuration, conf.
140036870990720 2026-07-07 08:40:53,165 webull.core.http.initializer.token.token_storage INFO storage_token initialized path:/home/runner/work/Recording-1Min/Recording-1Min/conf/token.txt.
140036870990720 2026-07-07 08:40:53,165 webull.core.http.initializer.token.token_storage WARNING storage_token Note: The token file already exists, the latest token configuration will be overwritten and written to the token file after successful 2FA verification. path:/home/runner/work/Recording-1Min/Recording-1Min/conf/token.txt.
140036870990720 2026-07-07 08:40:53,165 webull.core.http.initializer.token.token_manager INFO load_token_from_local reading token from file...
140036870990720 2026-07-07 08:40:53,165 webull.core.http.initializer.token.token_manager INFO load_token_from_local read local token result. token:8777ab******b130d3 expires:1784615487956 status:NORMAL
140036870990720 2026-07-07 08:40:53,594 webull.core.http.initializer.token.token_manager INFO fetch_token_from_server create_token result. token:8777ab******b130d3 expires:1784709653451 status:NORMAL
140036870990720 2026-07-07 08:40:53,594 webull.core.http.initializer.token.token_manager INFO fetch_token_from_server create_token status is verified, no further check required, returning directly. token:8777ab******b130d3 expires:1784709653451 status:NORMAL
140036870990720 2026-07-07 08:40:53,595 webull.core.http.initializer.token.token_manager INFO save_token_to_local writing token to local file. token:8777ab******b130d3 expires:1784709653451 status:NORMAL
140036870990720 2026-07-07 08:40:53,595 webull.core.http.initializer.token.token_manager INFO save_token_to_local writing token to file completed.
140036870990720 2026-07-07 08:40:53,595 webull.core.http.initializer.token.token_manager INFO init_token finished. token:8777ab******b130d3 expires:1784709653451 status:NORMAL
140473485626240 2026-07-07 12:09:19,773 webull.core.http.initializer.client_initializer INFO _check_token_enable result is True
140473485626240 2026-07-07 12:09:19,774 webull.core.http.initializer.token.token_storage INFO storage_token uses the default configuration, conf.
140473485626240 2026-07-07 12:09:19,774 webull.core.http.initializer.token.token_storage INFO storage_token initialized path:/home/runner/work/Recording-1Min/Recording-1Min/conf/token.txt.
140473485626240 2026-07-07 12:09:19,774 webull.core.http.initializer.token.token_storage WARNING storage_token Note: The token file already exists, the latest token configuration will be overwritten and written to the token file after successful 2FA verification. path:/home/runner/work/Recording-1Min/Recording-1Min/conf/token.txt.
140473485626240 2026-07-07 12:09:19,774 webull.core.http.initializer.token.token_manager INFO load_token_from_local reading token from file...
140473485626240 2026-07-07 12:09:19,775 webull.core.http.initializer.token.token_manager INFO load_token_from_local read local token result. token:8777ab******b130d3 expires:1784709653451 status:NORMAL
140473485626240 2026-07-07 12:09:20,491 webull.core.http.initializer.token.token_manager INFO fetch_token_from_server create_token result. token:8777ab******b130d3 expires:1784709653451 status:NORMAL
140473485626240 2026-07-07 12:09:20,492 webull.core.http.initializer.token.token_manager INFO fetch_token_from_server create_token status is verified, no further check required, returning directly. token:8777ab******b130d3 expires:1784709653451 status:NORMAL
140473485626240 2026-07-07 12:09:20,492 webull.core.http.initializer.token.token_manager INFO save_token_to_local writing token to local file. token:8777ab******b130d3 expires:1784709653451 status:NORMAL
140473485626240 2026-07-07 12:09:20,492 webull.core.http.initializer.token.token_manager INFO save_token_to_local writing token to file completed.
140473485626240 2026-07-07 12:09:20,492 webull.core.http.initializer.token.token_manager INFO init_token finished. token:8777ab******b130d3 expires:1784709653451 status:NORMAL
140478290156416 2026-07-07 15:15:34,468 webull.core.http.initializer.client_initializer INFO _check_token_enable result is True
140478290156416 2026-07-07 15:15:34,469 webull.core.http.initializer.token.token_storage INFO storage_token uses the default configuration, conf.
140478290156416 2026-07-07 15:15:34,469 webull.core.http.initializer.token.token_storage INFO storage_token initialized path:/home/runner/work/Recording-1Min/Recording-1Min/conf/token.txt.
140478290156416 2026-07-07 15:15:34,470 webull.core.http.initializer.token.token_storage WARNING storage_token Note: The token file already exists, the latest token configuration will be overwritten and written to the token file after successful 2FA verification. path:/home/runner/work/Recording-1Min/Recording-1Min/conf/token.txt.
140478290156416 2026-07-07 15:15:34,470 webull.core.http.initializer.token.token_manager INFO load_token_from_local reading token from file...
140478290156416 2026-07-07 15:15:34,470 webull.core.http.initializer.token.token_manager INFO load_token_from_local read local token result. token:8777ab******b130d3 expires:1784709653451 status:NORMAL
140478290156416 2026-07-07 15:15:34,710 webull.core.http.initializer.token.token_manager INFO fetch_token_from_server create_token result. token:8777ab******b130d3 expires:1784709653451 status:NORMAL
140478290156416 2026-07-07 15:15:34,711 webull.core.http.initializer.token.token_manager INFO fetch_token_from_server create_token status is verified, no further check required, returning directly. token:8777ab******b130d3 expires:1784709653451 status:NORMAL
140478290156416 2026-07-07 15:15:34,711 webull.core.http.initializer.token.token_manager INFO save_token_to_local writing token to local file. token:8777ab******b130d3 expires:1784709653451 status:NORMAL
140478290156416 2026-07-07 15:15:34,712 webull.core.http.initializer.token.token_manager INFO save_token_to_local writing token to file completed.
140478290156416 2026-07-07 15:15:34,712 webull.core.http.initializer.token.token_manager INFO init_token finished. token:8777ab******b130d3 expires:1784709653451 status:NORMAL
139887775394688 2026-07-07 18:19:06,617 webull.core.http.initializer.client_initializer INFO _check_token_enable result is True
139887775394688 2026-07-07 18:19:06,618 webull.core.http.initializer.token.token_storage INFO storage_token uses the default configuration, conf.
139887775394688 2026-07-07 18:19:06,618 webull.core.http.initializer.token.token_storage INFO storage_token initialized path:/home/runner/work/Recording-1Min/Recording-1Min/conf/token.txt.
139887775394688 2026-07-07 18:19:06,618 webull.core.http.initializer.token.token_storage WARNING storage_token Note: The token file already exists, the latest token configuration will be overwritten and written to the token file after successful 2FA verification. path:/home/runner/work/Recording-1Min/Recording-1Min/conf/token.txt.
139887775394688 2026-07-07 18:19:06,618 webull.core.http.initializer.token.token_manager INFO load_token_from_local reading token from file...
139887775394688 2026-07-07 18:19:06,618 webull.core.http.initializer.token.token_manager INFO load_token_from_local read local token result. token:8777ab******b130d3 expires:1784709653451 status:NORMAL
139887775394688 2026-07-07 18:19:06,990 webull.core.http.initializer.token.token_manager INFO fetch_token_from_server create_token result. token:8777ab******b130d3 expires:1784709653451 status:NORMAL
139887775394688 2026-07-07 18:19:06,991 webull.core.http.initializer.token.token_manager INFO fetch_token_from_server create_token status is verified, no further check required, returning directly. token:8777ab******b130d3 expires:1784709653451 status:NORMAL
139887775394688 2026-07-07 18:19:06,991 webull.core.http.initializer.token.token_manager INFO save_token_to_local writing token to local file. token:8777ab******b130d3 expires:1784709653451 status:NORMAL
139887775394688 2026-07-07 18:19:06,991 webull.core.http.initializer.token.token_manager INFO save_token_to_local writing token to file completed.
139887775394688 2026-07-07 18:19:06,991 webull.core.http.initializer.token.token_manager INFO init_token finished. token:8777ab******b130d3 expires:1784709653451 status:NORMAL
140263211789184 2026-07-07 20:57:32,563 webull.core.http.initializer.client_initializer INFO _check_token_enable result is True
140263211789184 2026-07-07 20:57:32,564 webull.core.http.initializer.token.token_storage INFO storage_token uses the default configuration, conf.
140263211789184 2026-07-07 20:57:32,565 webull.core.http.initializer.token.token_storage INFO storage_token initialized path:/home/runner/work/Recording-1Min/Recording-1Min/conf/token.txt.
140263211789184 2026-07-07 20:57:32,565 webull.core.http.initializer.token.token_storage WARNING storage_token Note: The token file already exists, the latest token configuration will be overwritten and written to the token file after successful 2FA verification. path:/home/runner/work/Recording-1Min/Recording-1Min/conf/token.txt.
140263211789184 2026-07-07 20:57:32,565 webull.core.http.initializer.token.token_manager INFO load_token_from_local reading token from file...
140263211789184 2026-07-07 20:57:32,565 webull.core.http.initializer.token.token_manager INFO load_token_from_local read local token result. token:8777ab******b130d3 expires:1784709653451 status:NORMAL
140263211789184 2026-07-07 20:57:33,318 webull.core.http.initializer.token.token_manager INFO fetch_token_from_server create_token result. token:8777ab******b130d3 expires:1784709653451 status:NORMAL
140263211789184 2026-07-07 20:57:33,319 webull.core.http.initializer.token.token_manager INFO fetch_token_from_server create_token status is verified, no further check required, returning directly. token:8777ab******b130d3 expires:1784709653451 status:NORMAL
140263211789184 2026-07-07 20:57:33,319 webull.core.http.initializer.token.token_manager INFO save_token_to_local writing token to local file. token:8777ab******b130d3 expires:1784709653451 status:NORMAL
140263211789184 2026-07-07 20:57:33,320 webull.core.http.initializer.token.token_manager INFO save_token_to_local writing token to file completed.
140263211789184 2026-07-07 20:57:33,320 webull.core.http.initializer.token.token_manager INFO init_token finished. token:8777ab******b130d3 expires:1784709653451 status:NORMAL
140580974529408 2026-07-07 22:30:03,179 webull.core.http.initializer.client_initializer INFO _check_token_enable result is True
140580974529408 2026-07-07 22:30:03,180 webull.core.http.initializer.token.token_storage INFO storage_token uses the default configuration, conf.
140580974529408 2026-07-07 22:30:03,181 webull.core.http.initializer.token.token_storage INFO storage_token initialized path:/home/runner/work/Recording-1Min/Recording-1Min/conf/token.txt.
140580974529408 2026-07-07 22:30:03,181 webull.core.http.initializer.token.token_storage WARNING storage_token Note: The token file already exists, the latest token configuration will be overwritten and written to the token file after successful 2FA verification. path:/home/runner/work/Recording-1Min/Recording-1Min/conf/token.txt.
140580974529408 2026-07-07 22:30:03,181 webull.core.http.initializer.token.token_manager INFO load_token_from_local reading token from file...
140580974529408 2026-07-07 22:30:03,181 webull.core.http.initializer.token.token_manager INFO load_token_from_local read local token result. token:8777ab******b130d3 expires:1784709653451 status:NORMAL
140580974529408 2026-07-07 22:30:03,939 webull.core.http.initializer.token.token_manager INFO fetch_token_from_server create_token result. token:8777ab******b130d3 expires:1784709653451 status:NORMAL
140580974529408 2026-07-07 22:30:03,940 webull.core.http.initializer.token.token_manager INFO fetch_token_from_server create_token status is verified, no further check required, returning directly. token:8777ab******b130d3 expires:1784709653451 status:NORMAL
140580974529408 2026-07-07 22:30:03,941 webull.core.http.initializer.token.token_manager INFO save_token_to_local writing token to local file. token:8777ab******b130d3 expires:1784709653451 status:NORMAL
140580974529408 2026-07-07 22:30:03,941 webull.core.http.initializer.token.token_manager INFO save_token_to_local writing token to file completed.
140580974529408 2026-07-07 22:30:03,941 webull.core.http.initializer.token.token_manager INFO init_token finished. token:8777ab******b130d3 expires:1784709653451 status:NORMAL
140386352311168 2026-07-08 00:10:40,160 webull.core.http.initializer.client_initializer INFO _check_token_enable result is True
140386352311168 2026-07-08 00:10:40,161 webull.core.http.initializer.token.token_storage INFO storage_token uses the default configuration, conf.
140386352311168 2026-07-08 00:10:40,161 webull.core.http.initializer.token.token_storage INFO storage_token initialized path:/home/runner/work/Recording-1Min/Recording-1Min/conf/token.txt.
140386352311168 2026-07-08 00:10:40,161 webull.core.http.initializer.token.token_storage WARNING storage_token Note: The token file already exists, the latest token configuration will be overwritten and written to the token file after successful 2FA verification. path:/home/runner/work/Recording-1Min/Recording-1Min/conf/token.txt.
140386352311168 2026-07-08 00:10:40,161 webull.core.http.initializer.token.token_manager INFO load_token_from_local reading token from file...
140386352311168 2026-07-08 00:10:40,161 webull.core.http.initializer.token.token_manager INFO load_token_from_local read local token result. token:8777ab******b130d3 expires:1784709653451 status:NORMAL
140386352311168 2026-07-08 00:10:40,886 webull.core.http.initializer.token.token_manager INFO fetch_token_from_server create_token result. token:8777ab******b130d3 expires:1784709653451 status:NORMAL
140386352311168 2026-07-08 00:10:40,887 webull.core.http.initializer.token.token_manager INFO fetch_token_from_server create_token status is verified, no further check required, returning directly. token:8777ab******b130d3 expires:1784709653451 status:NORMAL
140386352311168 2026-07-08 00:10:40,887 webull.core.http.initializer.token.token_manager INFO save_token_to_local writing token to local file. token:8777ab******b130d3 expires:1784709653451 status:NORMAL
140386352311168 2026-07-08 00:10:40,887 webull.core.http.initializer.token.token_manager INFO save_token_to_local writing token to file completed.
140386352311168 2026-07-08 00:10:40,887 webull.core.http.initializer.token.token_manager INFO init_token finished. token:8777ab******b130d3 expires:1784709653451 status:NORMAL
139791561091968 2026-07-08 03:45:56,633 webull.core.http.initializer.client_initializer INFO _check_token_enable result is True
139791561091968 2026-07-08 03:45:56,634 webull.core.http.initializer.token.token_storage INFO storage_token uses the default configuration, conf.
139791561091968 2026-07-08 03:45:56,635 webull.core.http.initializer.token.token_storage INFO storage_token initialized path:/home/runner/work/Recording-1Min/Recording-1Min/conf/token.txt.
139791561091968 2026-07-08 03:45:56,635 webull.core.http.initializer.token.token_storage WARNING storage_token Note: The token file already exists, the latest token configuration will be overwritten and written to the token file after successful 2FA verification. path:/home/runner/work/Recording-1Min/Recording-1Min/conf/token.txt.
139791561091968 2026-07-08 03:45:56,635 webull.core.http.initializer.token.token_manager INFO load_token_from_local reading token from file...
139791561091968 2026-07-08 03:45:56,635 webull.core.http.initializer.token.token_manager INFO load_token_from_local read local token result. token:8777ab******b130d3 expires:1784709653451 status:NORMAL
139791561091968 2026-07-08 03:45:57,230 webull.core.http.initializer.token.token_manager INFO fetch_token_from_server create_token result. token:8777ab******b130d3 expires:1784709653451 status:NORMAL
139791561091968 2026-07-08 03:45:57,231 webull.core.http.initializer.token.token_manager INFO fetch_token_from_server create_token status is verified, no further check required, returning directly. token:8777ab******b130d3 expires:1784709653451 status:NORMAL
139791561091968 2026-07-08 03:45:57,232 webull.core.http.initializer.token.token_manager INFO save_token_to_local writing token to local file. token:8777ab******b130d3 expires:1784709653451 status:NORMAL
139791561091968 2026-07-08 03:45:57,232 webull.core.http.initializer.token.token_manager INFO save_token_to_local writing token to file completed.
139791561091968 2026-07-08 03:45:57,232 webull.core.http.initializer.token.token_manager INFO init_token finished. token:8777ab******b130d3 expires:1784709653451 status:NORMAL
139847849819008 2026-07-08 06:38:08,503 webull.core.http.initializer.client_initializer INFO _check_token_enable result is True
139847849819008 2026-07-08 06:38:08,504 webull.core.http.initializer.token.token_storage INFO storage_token uses the default configuration, conf.
139847849819008 2026-07-08 06:38:08,505 webull.core.http.initializer.token.token_storage INFO storage_token initialized path:/home/runner/work/Recording-1Min/Recording-1Min/conf/token.txt.
139847849819008 2026-07-08 06:38:08,505 webull.core.http.initializer.token.token_storage WARNING storage_token Note: The token file already exists, the latest token configuration will be overwritten and written to the token file after successful 2FA verification. path:/home/runner/work/Recording-1Min/Recording-1Min/conf/token.txt.
139847849819008 2026-07-08 06:38:08,505 webull.core.http.initializer.token.token_manager INFO load_token_from_local reading token from file...
139847849819008 2026-07-08 06:38:08,505 webull.core.http.initializer.token.token_manager INFO load_token_from_local read local token result. token:8777ab******b130d3 expires:1784709653451 status:NORMAL
139847849819008 2026-07-08 06:38:08,739 webull.core.http.initializer.token.token_manager INFO fetch_token_from_server create_token result. token:8777ab******b130d3 expires:1784709653451 status:NORMAL
139847849819008 2026-07-08 06:38:08,739 webull.core.http.initializer.token.token_manager INFO fetch_token_from_server create_token status is verified, no further check required, returning directly. token:8777ab******b130d3 expires:1784709653451 status:NORMAL
139847849819008 2026-07-08 06:38:08,740 webull.core.http.initializer.token.token_manager INFO save_token_to_local writing token to local file. token:8777ab******b130d3 expires:1784709653451 status:NORMAL
139847849819008 2026-07-08 06:38:08,740 webull.core.http.initializer.token.token_manager INFO save_token_to_local writing token to file completed.
139847849819008 2026-07-08 06:38:08,740 webull.core.http.initializer.token.token_manager INFO init_token finished. token:8777ab******b130d3 expires:1784709653451 status:NORMAL
140673021188992 2026-07-08 09:35:40,224 webull.core.http.initializer.client_initializer INFO _check_token_enable result is True
140673021188992 2026-07-08 09:35:40,225 webull.core.http.initializer.token.token_storage INFO storage_token uses the default configuration, conf.
140673021188992 2026-07-08 09:35:40,225 webull.core.http.initializer.token.token_storage INFO storage_token initialized path:/home/runner/work/Recording-1Min/Recording-1Min/conf/token.txt.
140673021188992 2026-07-08 09:35:40,225 webull.core.http.initializer.token.token_storage WARNING storage_token Note: The token file already exists, the latest token configuration will be overwritten and written to the token file after successful 2FA verification. path:/home/runner/work/Recording-1Min/Recording-1Min/conf/token.txt.
140673021188992 2026-07-08 09:35:40,225 webull.core.http.initializer.token.token_manager INFO load_token_from_local reading token from file...
140673021188992 2026-07-08 09:35:40,225 webull.core.http.initializer.token.token_manager INFO load_token_from_local read local token result. token:8777ab******b130d3 expires:1784709653451 status:NORMAL
140673021188992 2026-07-08 09:35:40,491 webull.core.http.initializer.token.token_manager INFO fetch_token_from_server create_token result. token:8777ab******b130d3 expires:1784799340383 status:NORMAL
140673021188992 2026-07-08 09:35:40,492 webull.core.http.initializer.token.token_manager INFO fetch_token_from_server create_token status is verified, no further check required, returning directly. token:8777ab******b130d3 expires:1784799340383 status:NORMAL
140673021188992 2026-07-08 09:35:40,492 webull.core.http.initializer.token.token_manager INFO save_token_to_local writing token to local file. token:8777ab******b130d3 expires:1784799340383 status:NORMAL
140673021188992 2026-07-08 09:35:40,492 webull.core.http.initializer.token.token_manager INFO save_token_to_local writing token to file completed.
140673021188992 2026-07-08 09:35:40,493 webull.core.http.initializer.token.token_manager INFO init_token finished. token:8777ab******b130d3 expires:1784799340383 status:NORMAL
140169043868544 2026-07-08 11:56:58,417 webull.core.http.initializer.client_initializer INFO _check_token_enable result is True
140169043868544 2026-07-08 11:56:58,418 webull.core.http.initializer.token.token_storage INFO storage_token uses the default configuration, conf.
140169043868544 2026-07-08 11:56:58,418 webull.core.http.initializer.token.token_storage INFO storage_token initialized path:/home/runner/work/Recording-1Min/Recording-1Min/conf/token.txt.
140169043868544 2026-07-08 11:56:58,418 webull.core.http.initializer.token.token_storage WARNING storage_token Note: The token file already exists, the latest token configuration will be overwritten and written to the token file after successful 2FA verification. path:/home/runner/work/Recording-1Min/Recording-1Min/conf/token.txt.
140169043868544 2026-07-08 11:56:58,418 webull.core.http.initializer.token.token_manager INFO load_token_from_local reading token from file...
140169043868544 2026-07-08 11:56:58,419 webull.core.http.initializer.token.token_manager INFO load_token_from_local read local token result. token:8777ab******b130d3 expires:1784799340383 status:NORMAL
140169043868544 2026-07-08 11:56:59,065 webull.core.http.initializer.token.token_manager INFO fetch_token_from_server create_token result. token:8777ab******b130d3 expires:1784799340383 status:NORMAL
140169043868544 2026-07-08 11:56:59,066 webull.core.http.initializer.token.token_manager INFO fetch_token_from_server create_token status is verified, no further check required, returning directly. token:8777ab******b130d3 expires:1784799340383 status:NORMAL
140169043868544 2026-07-08 11:56:59,066 webull.core.http.initializer.token.token_manager INFO save_token_to_local writing token to local file. token:8777ab******b130d3 expires:1784799340383 status:NORMAL
140169043868544 2026-07-08 11:56:59,066 webull.core.http.initializer.token.token_manager INFO save_token_to_local writing token to file completed.
140169043868544 2026-07-08 11:56:59,066 webull.core.http.initializer.token.token_manager INFO init_token finished. token:8777ab******b130d3 expires:1784799340383 status:NORMAL
140260427070336 2026-07-08 14:40:09,303 webull.core.http.initializer.client_initializer INFO _check_token_enable result is True
140260427070336 2026-07-08 14:40:09,304 webull.core.http.initializer.token.token_storage INFO storage_token uses the default configuration, conf.
140260427070336 2026-07-08 14:40:09,304 webull.core.http.initializer.token.token_storage INFO storage_token initialized path:/home/runner/work/Recording-1Min/Recording-1Min/conf/token.txt.
140260427070336 2026-07-08 14:40:09,304 webull.core.http.initializer.token.token_storage WARNING storage_token Note: The token file already exists, the latest token configuration will be overwritten and written to the token file after successful 2FA verification. path:/home/runner/work/Recording-1Min/Recording-1Min/conf/token.txt.
140260427070336 2026-07-08 14:40:09,305 webull.core.http.initializer.token.token_manager INFO load_token_from_local reading token from file...
140260427070336 2026-07-08 14:40:09,305 webull.core.http.initializer.token.token_manager INFO load_token_from_local read local token result. token:8777ab******b130d3 expires:1784799340383 status:NORMAL
140260427070336 2026-07-08 14:40:10,089 webull.core.http.initializer.token.token_manager INFO fetch_token_from_server create_token result. token:8777ab******b130d3 expires:1784799340383 status:NORMAL
140260427070336 2026-07-08 14:40:10,090 webull.core.http.initializer.token.token_manager INFO fetch_token_from_server create_token status is verified, no further check required, returning directly. token:8777ab******b130d3 expires:1784799340383 status:NORMAL
140260427070336 2026-07-08 14:40:10,091 webull.core.http.initializer.token.token_manager INFO save_token_to_local writing token to local file. token:8777ab******b130d3 expires:1784799340383 status:NORMAL
140260427070336 2026-07-08 14:40:10,091 webull.core.http.initializer.token.token_manager INFO save_token_to_local writing token to file completed.
140260427070336 2026-07-08 14:40:10,091 webull.core.http.initializer.token.token_manager INFO init_token finished. token:8777ab******b130d3 expires:1784799340383 status:NORMAL
139987999325056 2026-07-08 16:48:53,902 webull.core.http.initializer.client_initializer INFO _check_token_enable result is True
139987999325056 2026-07-08 16:48:53,903 webull.core.http.initializer.token.token_storage INFO storage_token uses the default configuration, conf.
139987999325056 2026-07-08 16:48:53,903 webull.core.http.initializer.token.token_storage INFO storage_token initialized path:/home/runner/work/Recording-1Min/Recording-1Min/conf/token.txt.
139987999325056 2026-07-08 16:48:53,904 webull.core.http.initializer.token.token_storage WARNING storage_token Note: The token file already exists, the latest token configuration will be overwritten and written to the token file after successful 2FA verification. path:/home/runner/work/Recording-1Min/Recording-1Min/conf/token.txt.
139987999325056 2026-07-08 16:48:53,904 webull.core.http.initializer.token.token_manager INFO load_token_from_local reading token from file...
139987999325056 2026-07-08 16:48:53,904 webull.core.http.initializer.token.token_manager INFO load_token_from_local read local token result. token:8777ab******b130d3 expires:1784799340383 status:NORMAL
139987999325056 2026-07-08 16:48:54,576 webull.core.http.initializer.token.token_manager INFO fetch_token_from_server create_token result. token:8777ab******b130d3 expires:1784799340383 status:NORMAL
139987999325056 2026-07-08 16:48:54,577 webull.core.http.initializer.token.token_manager INFO fetch_token_from_server create_token status is verified, no further check required, returning directly. token:8777ab******b130d3 expires:1784799340383 status:NORMAL
139987999325056 2026-07-08 16:48:54,577 webull.core.http.initializer.token.token_manager INFO save_token_to_local writing token to local file. token:8777ab******b130d3 expires:1784799340383 status:NORMAL
139987999325056 2026-07-08 16:48:54,578 webull.core.http.initializer.token.token_manager INFO save_token_to_local writing token to file completed.
139987999325056 2026-07-08 16:48:54,578 webull.core.http.initializer.token.token_manager INFO init_token finished. token:8777ab******b130d3 expires:1784799340383 status:NORMAL
140099726252928 2026-07-08 18:43:16,918 webull.core.http.initializer.client_initializer INFO _check_token_enable result is True
140099726252928 2026-07-08 18:43:16,919 webull.core.http.initializer.token.token_storage INFO storage_token uses the default configuration, conf.
140099726252928 2026-07-08 18:43:16,919 webull.core.http.initializer.token.token_storage INFO storage_token initialized path:/home/runner/work/Recording-1Min/Recording-1Min/conf/token.txt.
140099726252928 2026-07-08 18:43:16,919 webull.core.http.initializer.token.token_storage WARNING storage_token Note: The token file already exists, the latest token configuration will be overwritten and written to the token file after successful 2FA verification. path:/home/runner/work/Recording-1Min/Recording-1Min/conf/token.txt.
140099726252928 2026-07-08 18:43:16,919 webull.core.http.initializer.token.token_manager INFO load_token_from_local reading token from file...
140099726252928 2026-07-08 18:43:16,920 webull.core.http.initializer.token.token_manager INFO load_token_from_local read local token result. token:8777ab******b130d3 expires:1784799340383 status:NORMAL
140099726252928 2026-07-08 18:43:17,221 webull.core.http.initializer.token.token_manager INFO fetch_token_from_server create_token result. token:8777ab******b130d3 expires:1784799340383 status:NORMAL
140099726252928 2026-07-08 18:43:17,222 webull.core.http.initializer.token.token_manager INFO fetch_token_from_server create_token status is verified, no further check required, returning directly. token:8777ab******b130d3 expires:1784799340383 status:NORMAL
140099726252928 2026-07-08 18:43:17,222 webull.core.http.initializer.token.token_manager INFO save_token_to_local writing token to local file. token:8777ab******b130d3 expires:1784799340383 status:NORMAL
140099726252928 2026-07-08 18:43:17,223 webull.core.http.initializer.token.token_manager INFO save_token_to_local writing token to file completed.
140099726252928 2026-07-08 18:43:17,223 webull.core.http.initializer.token.token_manager INFO init_token finished. token:8777ab******b130d3 expires:1784799340383 status:NORMAL
140304157285248 2026-07-08 20:37:16,625 webull.core.http.initializer.client_initializer INFO _check_token_enable result is True
140304157285248 2026-07-08 20:37:16,626 webull.core.http.initializer.token.token_storage INFO storage_token uses the default configuration, conf.
140304157285248 2026-07-08 20:37:16,627 webull.core.http.initializer.token.token_storage INFO storage_token initialized path:/home/runner/work/Recording-1Min/Recording-1Min/conf/token.txt.
140304157285248 2026-07-08 20:37:16,627 webull.core.http.initializer.token.token_storage WARNING storage_token Note: The token file already exists, the latest token configuration will be overwritten and written to the token file after successful 2FA verification. path:/home/runner/work/Recording-1Min/Recording-1Min/conf/token.txt.
140304157285248 2026-07-08 20:37:16,627 webull.core.http.initializer.token.token_manager INFO load_token_from_local reading token from file...
140304157285248 2026-07-08 20:37:16,627 webull.core.http.initializer.token.token_manager INFO load_token_from_local read local token result. token:8777ab******b130d3 expires:1784799340383 status:NORMAL
140304157285248 2026-07-08 20:37:16,879 webull.core.http.initializer.token.token_manager INFO fetch_token_from_server create_token result. token:8777ab******b130d3 expires:1784799340383 status:NORMAL
140304157285248 2026-07-08 20:37:16,880 webull.core.http.initializer.token.token_manager INFO fetch_token_from_server create_token status is verified, no further check required, returning directly. token:8777ab******b130d3 expires:1784799340383 status:NORMAL
140304157285248 2026-07-08 20:37:16,880 webull.core.http.initializer.token.token_manager INFO save_token_to_local writing token to local file. token:8777ab******b130d3 expires:1784799340383 status:NORMAL
140304157285248 2026-07-08 20:37:16,880 webull.core.http.initializer.token.token_manager INFO save_token_to_local writing token to file completed.
140304157285248 2026-07-08 20:37:16,880 webull.core.http.initializer.token.token_manager INFO init_token finished. token:8777ab******b130d3 expires:1784799340383 status:NORMAL
139643732556672 2026-07-08 22:16:43,009 webull.core.http.initializer.client_initializer INFO _check_token_enable result is True
139643732556672 2026-07-08 22:16:43,010 webull.core.http.initializer.token.token_storage INFO storage_token uses the default configuration, conf.
139643732556672 2026-07-08 22:16:43,011 webull.core.http.initializer.token.token_storage INFO storage_token initialized path:/home/runner/work/Recording-1Min/Recording-1Min/conf/token.txt.
139643732556672 2026-07-08 22:16:43,011 webull.core.http.initializer.token.token_storage WARNING storage_token Note: The token file already exists, the latest token configuration will be overwritten and written to the token file after successful 2FA verification. path:/home/runner/work/Recording-1Min/Recording-1Min/conf/token.txt.
139643732556672 2026-07-08 22:16:43,011 webull.core.http.initializer.token.token_manager INFO load_token_from_local reading token from file...
139643732556672 2026-07-08 22:16:43,011 webull.core.http.initializer.token.token_manager INFO load_token_from_local read local token result. token:8777ab******b130d3 expires:1784799340383 status:NORMAL
139643732556672 2026-07-08 22:16:43,642 webull.core.http.initializer.token.token_manager INFO fetch_token_from_server create_token result. token:8777ab******b130d3 expires:1784799340383 status:NORMAL
139643732556672 2026-07-08 22:16:43,643 webull.core.http.initializer.token.token_manager INFO fetch_token_from_server create_token status is verified, no further check required, returning directly. token:8777ab******b130d3 expires:1784799340383 status:NORMAL
139643732556672 2026-07-08 22:16:43,644 webull.core.http.initializer.token.token_manager INFO save_token_to_local writing token to local file. token:8777ab******b130d3 expires:1784799340383 status:NORMAL
139643732556672 2026-07-08 22:16:43,644 webull.core.http.initializer.token.token_manager INFO save_token_to_local writing token to file completed.
139643732556672 2026-07-08 22:16:43,644 webull.core.http.initializer.token.token_manager INFO init_token finished. token:8777ab******b130d3 expires:1784799340383 status:NORMAL
140001097104256 2026-07-09 00:19:55,542 webull.core.http.initializer.client_initializer INFO _check_token_enable result is True
140001097104256 2026-07-09 00:19:55,542 webull.core.http.initializer.token.token_storage INFO storage_token uses the default configuration, conf.
140001097104256 2026-07-09 00:19:55,543 webull.core.http.initializer.token.token_storage INFO storage_token initialized path:/home/runner/work/Recording-1Min/Recording-1Min/conf/token.txt.
140001097104256 2026-07-09 00:19:55,543 webull.core.http.initializer.token.token_storage WARNING storage_token Note: The token file already exists, the latest token configuration will be overwritten and written to the token file after successful 2FA verification. path:/home/runner/work/Recording-1Min/Recording-1Min/conf/token.txt.
140001097104256 2026-07-09 00:19:55,543 webull.core.http.initializer.token.token_manager INFO load_token_from_local reading token from file...
140001097104256 2026-07-09 00:19:55,543 webull.core.http.initializer.token.token_manager INFO load_token_from_local read local token result. token:8777ab******b130d3 expires:1784799340383 status:NORMAL
140001097104256 2026-07-09 00:19:56,284 webull.core.http.initializer.token.token_manager INFO fetch_token_from_server create_token result. token:8777ab******b130d3 expires:1784799340383 status:NORMAL
140001097104256 2026-07-09 00:19:56,284 webull.core.http.initializer.token.token_manager INFO fetch_token_from_server create_token status is verified, no further check required, returning directly. token:8777ab******b130d3 expires:1784799340383 status:NORMAL
140001097104256 2026-07-09 00:19:56,285 webull.core.http.initializer.token.token_manager INFO save_token_to_local writing token to local file. token:8777ab******b130d3 expires:1784799340383 status:NORMAL
140001097104256 2026-07-09 00:19:56,285 webull.core.http.initializer.token.token_manager INFO save_token_to_local writing token to file completed.
140001097104256 2026-07-09 00:19:56,285 webull.core.http.initializer.token.token_manager INFO init_token finished. token:8777ab******b130d3 expires:1784799340383 status:NORMAL
140328695651200 2026-07-09 05:05:11,882 webull.core.http.initializer.client_initializer INFO _check_token_enable result is True
140328695651200 2026-07-09 05:05:11,883 webull.core.http.initializer.token.token_storage INFO storage_token uses the default configuration, conf.
140328695651200 2026-07-09 05:05:11,883 webull.core.http.initializer.token.token_storage INFO storage_token initialized path:/home/runner/work/Recording-1Min/Recording-1Min/conf/token.txt.
140328695651200 2026-07-09 05:05:11,884 webull.core.http.initializer.token.token_storage WARNING storage_token Note: The token file already exists, the latest token configuration will be overwritten and written to the token file after successful 2FA verification. path:/home/runner/work/Recording-1Min/Recording-1Min/conf/token.txt.
140328695651200 2026-07-09 05:05:11,884 webull.core.http.initializer.token.token_manager INFO load_token_from_local reading token from file...
140328695651200 2026-07-09 05:05:11,884 webull.core.http.initializer.token.token_manager INFO load_token_from_local read local token result. token:8777ab******b130d3 expires:1784799340383 status:NORMAL
140328695651200 2026-07-09 05:05:12,138 webull.core.http.initializer.token.token_manager INFO fetch_token_from_server create_token result. token:8777ab******b130d3 expires:1784799340383 status:NORMAL
140328695651200 2026-07-09 05:05:12,139 webull.core.http.initializer.token.token_manager INFO fetch_token_from_server create_token status is verified, no further check required, returning directly. token:8777ab******b130d3 expires:1784799340383 status:NORMAL
140328695651200 2026-07-09 05:05:12,140 webull.core.http.initializer.token.token_manager INFO save_token_to_local writing token to local file. token:8777ab******b130d3 expires:1784799340383 status:NORMAL
140328695651200 2026-07-09 05:05:12,140 webull.core.http.initializer.token.token_manager INFO save_token_to_local writing token to file completed.
140328695651200 2026-07-09 05:05:12,140 webull.core.http.initializer.token.token_manager INFO init_token finished. token:8777ab******b130d3 expires:1784799340383 status:NORMAL
140595984386944 2026-07-09 08:48:27,639 webull.core.http.initializer.client_initializer INFO _check_token_enable result is True
140595984386944 2026-07-09 08:48:27,640 webull.core.http.initializer.token.token_storage INFO storage_token uses the default configuration, conf.
140595984386944 2026-07-09 08:48:27,641 webull.core.http.initializer.token.token_storage INFO storage_token initialized path:/home/runner/work/Recording-1Min/Recording-1Min/conf/token.txt.
140595984386944 2026-07-09 08:48:27,641 webull.core.http.initializer.token.token_storage WARNING storage_token Note: The token file already exists, the latest token configuration will be overwritten and written to the token file after successful 2FA verification. path:/home/runner/work/Recording-1Min/Recording-1Min/conf/token.txt.
140595984386944 2026-07-09 08:48:27,641 webull.core.http.initializer.token.token_manager INFO load_token_from_local reading token from file...
140595984386944 2026-07-09 08:48:27,641 webull.core.http.initializer.token.token_manager INFO load_token_from_local read local token result. token:8777ab******b130d3 expires:1784799340383 status:NORMAL
140595984386944 2026-07-09 08:48:28,473 webull.core.http.initializer.token.token_manager INFO fetch_token_from_server create_token result. token:8777ab******b130d3 expires:1784799340383 status:NORMAL
140595984386944 2026-07-09 08:48:28,474 webull.core.http.initializer.token.token_manager INFO fetch_token_from_server create_token status is verified, no further check required, returning directly. token:8777ab******b130d3 expires:1784799340383 status:NORMAL
140595984386944 2026-07-09 08:48:28,474 webull.core.http.initializer.token.token_manager INFO save_token_to_local writing token to local file. token:8777ab******b130d3 expires:1784799340383 status:NORMAL
140595984386944 2026-07-09 08:48:28,474 webull.core.http.initializer.token.token_manager INFO save_token_to_local writing token to file completed.
140595984386944 2026-07-09 08:48:28,475 webull.core.http.initializer.token.token_manager INFO init_token finished. token:8777ab******b130d3 expires:1784799340383 status:NORMAL
